<?xml version="1.0" encoding="UTF-8"?>
<!-- Generated by org.testng.reporters.JUnitReportReporter -->
<testsuite skipped="0" hostname="SARJERAO-PC" name="com.qa.tests.LoginTest" tests="1" failures="0" timestamp="22 Aug 2018 06:38:13 GMT" time="0.069" errors="0">
  <testcase name="test1" time="0.069" classname="com.qa.tests.LoginTest"/>
</testsuite> <!-- com.qa.tests.LoginTest -->
